[debug] [2025-11-28T15:03:46.857Z] ----------------------------------------------------------------------
[debug] [2025-11-28T15:03:46.859Z] Command:       /opt/homebrew/Cellar/node/24.4.1/bin/node /opt/homebrew/bin/firebase functions:shell
[debug] [2025-11-28T15:03:46.859Z] CLI Version:   14.11.0
[debug] [2025-11-28T15:03:46.859Z] Platform:      darwin
[debug] [2025-11-28T15:03:46.859Z] Node Version:  v24.4.1
[debug] [2025-11-28T15:03:46.859Z] Time:          Fri Nov 28 2025 17:03:46 GMT+0200 (Eastern European Standard Time)
[debug] [2025-11-28T15:03:46.859Z] ----------------------------------------------------------------------
[debug] 
[debug] [2025-11-28T15:03:46.948Z] > command requires scopes: ["email","openid","https://www.googleapis.com/auth/cloudplatformprojects.readonly","https://www.googleapis.com/auth/firebase","https://www.googleapis.com/auth/cloud-platform"]
[debug] [2025-11-28T15:03:46.948Z] > authorizing via signed-in user (nrgsistemedeacces@gmail.com)
[debug] [2025-11-28T15:03:46.949Z] [iam] checking project field-operational-manager for permissions ["firebase.projects.get"]
[debug] [2025-11-28T15:03:46.949Z] Checked if tokens are valid: true, expires at: 1764343842464
[debug] [2025-11-28T15:03:46.949Z] Checked if tokens are valid: true, expires at: 1764343842464
[debug] [2025-11-28T15:03:46.949Z] >>> [apiv2][query] POST https://cloudresourcemanager.googleapis.com/v1/projects/field-operational-manager:testIamPermissions [none]
[debug] [2025-11-28T15:03:46.949Z] >>> [apiv2][(partial)header] POST https://cloudresourcemanager.googleapis.com/v1/projects/field-operational-manager:testIamPermissions x-goog-quota-user=projects/field-operational-manager
[debug] [2025-11-28T15:03:46.949Z] >>> [apiv2][body] POST https://cloudresourcemanager.googleapis.com/v1/projects/field-operational-manager:testIamPermissions {"permissions":["firebase.projects.get"]}
[debug] [2025-11-28T15:03:47.914Z] <<< [apiv2][status] POST https://cloudresourcemanager.googleapis.com/v1/projects/field-operational-manager:testIamPermissions 200
[debug] [2025-11-28T15:03:47.914Z] <<< [apiv2][body] POST https://cloudresourcemanager.googleapis.com/v1/projects/field-operational-manager:testIamPermissions {"permissions":["firebase.projects.get"]}
[debug] [2025-11-28T15:03:47.964Z] [functions] Functions Emulator only supports listening on one address (127.0.0.1). Not listening on ::1
[debug] [2025-11-28T15:03:48.002Z] defaultcredentials: writing to file /Users/code-with-a/.config/firebase/nrgsistemedeacces_gmail_com_application_default_credentials.json
[debug] [2025-11-28T15:03:48.002Z] DEBUG: Setting GAC to /Users/code-with-a/.config/firebase/nrgsistemedeacces_gmail_com_application_default_credentials.json
[debug] [2025-11-28T15:03:48.002Z] Checked if tokens are valid: true, expires at: 1764343842464
[debug] [2025-11-28T15:03:48.002Z] Checked if tokens are valid: true, expires at: 1764343842464
[debug] [2025-11-28T15:03:48.003Z] >>> [apiv2][query] GET https://firebase.googleapis.com/v1beta1/projects/field-operational-manager/adminSdkConfig [none]
[debug] [2025-11-28T15:03:48.589Z] <<< [apiv2][status] GET https://firebase.googleapis.com/v1beta1/projects/field-operational-manager/adminSdkConfig 200
[debug] [2025-11-28T15:03:48.589Z] <<< [apiv2][body] GET https://firebase.googleapis.com/v1beta1/projects/field-operational-manager/adminSdkConfig {"projectId":"field-operational-manager","storageBucket":"field-operational-manager.firebasestorage.app"}
[debug] [2025-11-28T15:03:48.598Z] [functions] Watching "/Users/code-with-a/Documents/FOM/Field-Operational-Manager/firebase-functions" for Cloud Functions...
[debug] [2025-11-28T15:03:48.600Z] Validating nodejs source
[warn] ⚠  functions: package.json indicates an outdated version of firebase-functions. Please upgrade using npm install --save firebase-functions@latest in your functions directory. 
[warn] ⚠  functions: Please note that there will be breaking changes when you upgrade. 
[debug] [2025-11-28T15:03:48.999Z] > [functions] package.json contents: {
  "name": "fom-firebase-functions",
  "description": "Firebase Functions for Field Operational Manager",
  "version": "1.0.0",
  "private": true,
  "scripts": {
    "build": "tsc",
    "serve": "npm run build && firebase emulators:start --only functions",
    "shell": "npm run build && firebase functions:shell",
    "start": "npm run shell",
    "deploy": "firebase deploy --only functions",
    "logs": "firebase functions:log"
  },
  "engines": {
    "node": "20"
  },
  "main": "lib/index.js",
  "dependencies": {
    "firebase-admin": "^12.7.0",
    "firebase-functions": "^4.9.0"
  },
  "devDependencies": {
    "@types/node": "^20.10.0",
    "typescript": "^5.3.0"
  }
}
[debug] [2025-11-28T15:03:48.999Z] Building nodejs source
[debug] [2025-11-28T15:03:48.999Z] Failed to find version of module node: reached end of search path /Users/code-with-a/Documents/FOM/Field-Operational-Manager/firebase-functions/node_modules
[warn] ⚠  functions: Your requested "node" version "20" doesn't match your global version "24". Using node@24 from host. 
[info] i  functions: You are using a version of firebase-functions SDK (4.9.0) that does not have support for the newest Firebase Extensions features. Please update firebase-functions SDK to >=5.1.0 to use them correctly 
[debug] [2025-11-28T15:03:49.000Z] Could not find functions.yaml. Must use http discovery
[debug] [2025-11-28T15:03:49.003Z] Found firebase-functions binary at '/Users/code-with-a/Documents/FOM/Field-Operational-Manager/firebase-functions/node_modules/.bin/firebase-functions'
[info] Serving at port 8540

[debug] [2025-11-28T15:03:49.269Z] Got response from /__/functions.yaml {"endpoints":{"generateScheduledWorks":{"platform":"gcfv1","availableMemoryMb":null,"timeoutSeconds":null,"minInstances":null,"maxInstances":null,"ingressSettings":null,"serviceAccountEmail":null,"vpc":null,"region":["europe-west1"],"scheduleTrigger":{"schedule":"0 8,13,17 * * *","retryConfig":{"retryCount":null,"maxDoublings":null,"maxRetryDuration":null,"maxBackoffDuration":null,"minBackoffDuration":null},"timeZone":"Europe/Bucharest"},"labels":{},"entryPoint":"generateScheduledWorks"},"runGenerateScheduledWorks":{"platform":"gcfv1","labels":{},"availableMemoryMb":null,"timeoutSeconds":null,"minInstances":null,"maxInstances":null,"ingressSettings":null,"serviceAccountEmail":null,"vpc":null,"region":["europe-west1"],"callableTrigger":{},"entryPoint":"runGenerateScheduledWorks"}},"specVersion":"v1alpha1","requiredAPIs":[{"api":"cloudscheduler.googleapis.com","reason":"Needed for scheduled functions."}]}
[debug] [2025-11-28T15:03:53.296Z] [functions] Loaded functions definitions from source: generateScheduledWorks, runGenerateScheduledWorks.
[debug] [2025-11-28T15:03:53.297Z] [functions[europe-west1-generateScheduledWorks]] function ignored because the pubsub emulator does not exist or is not running.
[debug] [2025-11-28T15:03:53.298Z] [functions[europe-west1-runGenerateScheduledWorks]] http function initialized (http://127.0.0.1:5001/field-operational-manager/europe-west1/runGenerateScheduledWorks).
[info] i  functions: Loaded functions: generateScheduledWorks, runGenerateScheduledWorks 
[warn] ⚠  functions: The following emulators are not running, calls to these services will affect production: firestore, database, pubsub, storage, eventarc, tasks 
